<?xml version="1.0" encoding="UTF-8"?>
<testsuite name="UrinalsTest" tests="1" skipped="0" failures="0" errors="0" timestamp="2022-10-30T01:56:04" hostname="DESKTOP-1S6DANF" time="0.388">
  <properties/>
  <testcase name="countOneUrinals()" classname="UrinalsTest" time="0.388"/>
  <system-out><![CDATA[]]></system-out>
  <system-err><![CDATA[]]></system-err>
</testsuite>
