<?xml version="1.0" encoding="UTF-8"?>
<testsuite name="UrinalsTest" tests="6" skipped="0" failures="0" errors="0" timestamp="2022-10-30T02:17:20" hostname="DESKTOP-1S6DANF" time="0.434">
  <properties/>
  <testcase name="getWrongString()" classname="UrinalsTest" time="0.422"/>
  <testcase name="goodString()" classname="UrinalsTest" time="0.002"/>
  <testcase name="countOneUrinals()" classname="UrinalsTest" time="0.002"/>
  <testcase name="getString()" classname="UrinalsTest" time="0.002"/>
  <testcase name="countAllUrinals()" classname="UrinalsTest" time="0.002"/>
  <testcase name="badString()" classname="UrinalsTest" time="0.002"/>
  <system-out><![CDATA[]]></system-out>
  <system-err><![CDATA[]]></system-err>
</testsuite>
