<?xml version="1.0" encoding="UTF-8"?>
<testsuite name="UrinalsTest" tests="1" skipped="0" failures="0" errors="0" timestamp="2022-10-30T01:54:19" hostname="DESKTOP-1S6DANF" time="0.39">
  <properties/>
  <testcase name="countAllUrinals()" classname="UrinalsTest" time="0.39"/>
  <system-out><![CDATA[]]></system-out>
  <system-err><![CDATA[]]></system-err>
</testsuite>
